{"numFailedTestSuites":2,"numFailedTests":0,"numPassedTestSuites":4,"numPassedTests":29,"numPendingTestSuites":0,"numPendingTests":0,"numRuntimeErrorTestSuites":2,"numTodoTests":0,"numTotalTestSuites":6,"numTotalTests":29,"openHandles":[],"snapshot":{"added":0,"didUpdate":false,"failure":false,"filesAdded":0,"filesRemoved":0,"filesRemovedList":[],"filesUnmatched":0,"filesUpdated":0,"matched":0,"total":0,"unchecked":0,"uncheckedKeysByFile":[],"unmatched":0,"updated":0},"startTime":1773242114893,"success":false,"testResults":[{"assertionResults":[{"ancestorTitles":["Planner Orchestrator"],"duration":3,"failureDetails":[],"failureMessages":[],"fullName":"Planner Orchestrator fills a single slot normally when valid candidates exist","invocations":1,"location":null,"numPassingAsserts":11,"retryReasons":[],"status":"passed","title":"fills a single slot normally when valid candidates exist"},{"ancestorTitles":["Planner Orchestrator"],"duration":9,"failureDetails":[],"failureMessages":[],"fullName":"Planner Orchestrator detects pool collapse and triggers a gemini regeneration flow","invocations":1,"location":null,"numPassingAsserts":6,"retryReasons":[],"status":"passed","title":"detects pool collapse and triggers a gemini regeneration flow"},{"ancestorTitles":["Planner Orchestrator"],"duration":0,"failureDetails":[],"failureMessages":[],"fullName":"Planner Orchestrator assigns a rescue recipe normally if it is passed in the pool","invocations":1,"location":null,"numPassingAsserts":4,"retryReasons":[],"status":"passed","title":"assigns a rescue recipe normally if it is passed in the pool"},{"ancestorTitles":["Planner Orchestrator"],"duration":3,"failureDetails":[],"failureMessages":[],"fullName":"Planner Orchestrator simulates a full week generation tracking constraints","invocations":1,"location":null,"numPassingAsserts":4,"retryReasons":[],"status":"passed","title":"simulates a full week generation tracking constraints"},{"ancestorTitles":["Planner Orchestrator"],"duration":0,"failureDetails":[],"failureMessages":[],"fullName":"Planner Orchestrator preserves existing locked assignments and updates counts correctly","invocations":1,"location":null,"numPassingAsserts":4,"retryReasons":[],"status":"passed","title":"preserves existing locked assignments and updates counts correctly"},{"ancestorTitles":["Planner Orchestrator"],"duration":1,"failureDetails":[],"failureMessages":[],"fullName":"Planner Orchestrator blocks same-day duplicates even if global repeatCap is not exhausted","invocations":1,"location":null,"numPassingAsserts":5,"retryReasons":[],"status":"passed","title":"blocks same-day duplicates even if global repeatCap is not exhausted"},{"ancestorTitles":["Planner Orchestrator"],"duration":1,"failureDetails":[],"failureMessages":[],"fullName":"Planner Orchestrator deducts locked meal costs from the global budget dynamically","invocations":1,"location":null,"numPassingAsserts":4,"retryReasons":[],"status":"passed","title":"deducts locked meal costs from the global budget dynamically"}],"endTime":1773242115290,"message":"","name":"C:\\Users\\liamf\\.gemini\\antigravity\\operation_sim_craft\\data\\planner\\__tests__\\orchestrator.test.ts","startTime":1773242114957,"status":"passed","summary":""},{"assertionResults":[{"ancestorTitles":["Planner Actions"],"duration":1,"failureDetails":[],"failureMessages":[],"fullName":"Planner Actions assigns candidate and snapshots contract truth","invocations":1,"location":null,"numPassingAsserts":6,"retryReasons":[],"status":"passed","title":"assigns candidate and snapshots contract truth"},{"ancestorTitles":["Planner Actions"],"duration":0,"failureDetails":[],"failureMessages":[],"fullName":"Planner Actions locks a proposed slot","invocations":1,"location":null,"numPassingAsserts":1,"retryReasons":[],"status":"passed","title":"locks a proposed slot"},{"ancestorTitles":["Planner Actions"],"duration":7,"failureDetails":[],"failureMessages":[],"fullName":"Planner Actions throws when locking an empty slot","invocations":1,"location":null,"numPassingAsserts":1,"retryReasons":[],"status":"passed","title":"throws when locking an empty slot"},{"ancestorTitles":["Planner Actions"],"duration":0,"failureDetails":[],"failureMessages":[],"fullName":"Planner Actions swaps a slot, locking it and incrementing swap count","invocations":1,"location":null,"numPassingAsserts":4,"retryReasons":[],"status":"passed","title":"swaps a slot, locking it and incrementing swap count"},{"ancestorTitles":["Planner Actions"],"duration":0,"failureDetails":[],"failureMessages":[],"fullName":"Planner Actions regenerates a slot, clearing data but preserving failure histories","invocations":1,"location":null,"numPassingAsserts":6,"retryReasons":[],"status":"passed","title":"regenerates a slot, clearing data but preserving failure histories"},{"ancestorTitles":["Planner Actions"],"duration":1,"failureDetails":[],"failureMessages":[],"fullName":"Planner Actions regenerates a day while ignoring locked meals","invocations":1,"location":null,"numPassingAsserts":3,"retryReasons":[],"status":"passed","title":"regenerates a day while ignoring locked meals"},{"ancestorTitles":["Planner Actions"],"duration":0,"failureDetails":[],"failureMessages":[],"fullName":"Planner Actions regenerates a week while ignoring locked meals","invocations":1,"location":null,"numPassingAsserts":3,"retryReasons":[],"status":"passed","title":"regenerates a week while ignoring locked meals"}],"endTime":1773242115388,"message":"","name":"C:\\Users\\liamf\\.gemini\\antigravity\\operation_sim_craft\\data\\planner\\__tests__\\actions.test.ts","startTime":1773242115328,"status":"passed","summary":""},{"assertionResults":[{"ancestorTitles":["Planner Evaluator"],"duration":0,"failureDetails":[],"failureMessages":[],"fullName":"Planner Evaluator passes hard eligibility when conditions are met","invocations":1,"location":null,"numPassingAsserts":1,"retryReasons":[],"status":"passed","title":"passes hard eligibility when conditions are met"},{"ancestorTitles":["Planner Evaluator"],"duration":0,"failureDetails":[],"failureMessages":[],"fullName":"Planner Evaluator fails hard eligibility when budget is exceeded","invocations":1,"location":null,"numPassingAsserts":1,"retryReasons":[],"status":"passed","title":"fails hard eligibility when budget is exceeded"},{"ancestorTitles":["Planner Evaluator"],"duration":0,"failureDetails":[],"failureMessages":[],"fullName":"Planner Evaluator fails hard eligibility when protein minimum is not met","invocations":1,"location":null,"numPassingAsserts":1,"retryReasons":[],"status":"passed","title":"fails hard eligibility when protein minimum is not met"},{"ancestorTitles":["Planner Evaluator"],"duration":0,"failureDetails":[],"failureMessages":[],"fullName":"Planner Evaluator fails hard eligibility when calorie minimum is severely missed","invocations":1,"location":null,"numPassingAsserts":1,"retryReasons":[],"status":"passed","title":"fails hard eligibility when calorie minimum is severely missed"},{"ancestorTitles":["Planner Evaluator"],"duration":0,"failureDetails":[],"failureMessages":[],"fullName":"Planner Evaluator fails hard eligibility when slot suitability is wrong","invocations":1,"location":null,"numPassingAsserts":1,"retryReasons":[],"status":"passed","title":"fails hard eligibility when slot suitability is wrong"},{"ancestorTitles":["Planner Evaluator"],"duration":0,"failureDetails":[],"failureMessages":[],"fullName":"Planner Evaluator calculates full scoring successfully for a valid candidate","invocations":1,"location":null,"numPassingAsserts":5,"retryReasons":[],"status":"passed","title":"calculates full scoring successfully for a valid candidate"},{"ancestorTitles":["Planner Evaluator"],"duration":0,"failureDetails":[],"failureMessages":[],"fullName":"Planner Evaluator applies penalties for repeating recipes, archetype density, and clustering","invocations":1,"location":null,"numPassingAsserts":3,"retryReasons":[],"status":"passed","title":"applies penalties for repeating recipes, archetype density, and clustering"},{"ancestorTitles":["Planner Evaluator"],"duration":0,"failureDetails":[],"failureMessages":[],"fullName":"Planner Evaluator analyzes a multi-cause pool collapse correctly","invocations":1,"location":null,"numPassingAsserts":2,"retryReasons":[],"status":"passed","title":"analyzes a multi-cause pool collapse correctly"},{"ancestorTitles":["Planner Evaluator"],"duration":1,"failureDetails":[],"failureMessages":[],"fullName":"Planner Evaluator determines gemini_generation_needed when candidate pool is empty","invocations":1,"location":null,"numPassingAsserts":2,"retryReasons":[],"status":"passed","title":"determines gemini_generation_needed when candidate pool is empty"},{"ancestorTitles":["Planner Evaluator"],"duration":0,"failureDetails":[],"failureMessages":[],"fullName":"Planner Evaluator determines soft_rescue_needed when best candidate is below threshold","invocations":1,"location":null,"numPassingAsserts":1,"retryReasons":[],"status":"passed","title":"determines soft_rescue_needed when best candidate is below threshold"}],"endTime":1773242115451,"message":"","name":"C:\\Users\\liamf\\.gemini\\antigravity\\operation_sim_craft\\data\\planner\\__tests__\\evaluator.test.ts","startTime":1773242115395,"status":"passed","summary":""},{"assertionResults":[{"ancestorTitles":["selectors","getMealCardViewModel"],"duration":1,"failureDetails":[],"failureMessages":[],"fullName":"selectors getMealCardViewModel resolves correctly when recipe is provided","invocations":1,"location":null,"numPassingAsserts":3,"retryReasons":[],"status":"passed","title":"resolves correctly when recipe is provided"},{"ancestorTitles":["selectors","getMealCardViewModel"],"duration":1,"failureDetails":[],"failureMessages":[],"fullName":"selectors getMealCardViewModel handles missing recipe safely","invocations":1,"location":null,"numPassingAsserts":4,"retryReasons":[],"status":"passed","title":"handles missing recipe safely"},{"ancestorTitles":["selectors","getMealCardViewModel"],"duration":0,"failureDetails":[],"failureMessages":[],"fullName":"selectors getMealCardViewModel correctly identifies rescue state","invocations":1,"location":null,"numPassingAsserts":1,"retryReasons":[],"status":"passed","title":"correctly identifies rescue state"},{"ancestorTitles":["selectors","getWeeklyMetrics"],"duration":0,"failureDetails":[],"failureMessages":[],"fullName":"selectors getWeeklyMetrics aggregates metrics correctly and skips invalid recipes","invocations":1,"location":null,"numPassingAsserts":4,"retryReasons":[],"status":"passed","title":"aggregates metrics correctly and skips invalid recipes"},{"ancestorTitles":["selectors","getWeeklyMetrics"],"duration":0,"failureDetails":[],"failureMessages":[],"fullName":"selectors getWeeklyMetrics handles empty assignments safely","invocations":1,"location":null,"numPassingAsserts":3,"retryReasons":[],"status":"passed","title":"handles empty assignments safely"}],"endTime":1773242115507,"message":"","name":"C:\\Users\\liamf\\.gemini\\antigravity\\operation_sim_craft\\data\\planner\\__tests__\\selectors.test.ts","startTime":1773242115456,"status":"passed","summary":""},{"assertionResults":[],"coverage":{},"endTime":1773242115761,"message":"  ??? Test suite failed to run\n\n    Jest encountered an unexpected token\n\n    Jest failed to parse a file. This happens e.g. when your code or its dependencies use non-standard JavaScript syntax, or when Jest is not configured to support such syntax.\n\n    Out of the box Jest supports Babel, which will be used to transform your files into valid JS based on your Babel configuration.\n\n    By default \"node_modules\" folder is ignored by transformers.\n\n    Here's what you can do:\n     ??? If you are trying to use ECMAScript Modules, see https://jestjs.io/docs/ecmascript-modules for how to enable it.\n     ??? If you are trying to use TypeScript, see https://jestjs.io/docs/getting-started#using-typescript\n     ??? To have some of your \"node_modules\" files transformed, you can specify a custom \"transformIgnorePatterns\" in your config.\n     ??? If you need a custom transformation specify a \"transform\" option in your config.\n     ??? If you simply want to mock your non-JS modules (e.g. binary assets) you can stub them out with the \"moduleNameMapper\" config option.\n\n    You'll find more details and examples of these config options in the docs:\n    https://jestjs.io/docs/configuration\n    For information about custom transformations, see:\n    https://jestjs.io/docs/code-transformation\n\n    Details:\n\n    C:\\Users\\liamf\\.gemini\\antigravity\\operation_sim_craft\\assets\\images\\recipes\\recipe_r6.png:1\n    ({\"Object.<anonymous>\":function(module,exports,require,__dirname,__filename,jest){???PNG\n                                                                                      \n\n    SyntaxError: Invalid or unexpected token\n\n    \u001b[0m \u001b[90m  6 |\u001b[39m\n     \u001b[90m  7 |\u001b[39m \u001b[36mexport\u001b[39m \u001b[36mconst\u001b[39m \u001b[33mUNIQUE_RECIPE_IMAGES\u001b[39m\u001b[33m:\u001b[39m \u001b[33mRecord\u001b[39m\u001b[33m<\u001b[39m\u001b[33mstring\u001b[39m\u001b[33m,\u001b[39m any\u001b[33m>\u001b[39m \u001b[33m=\u001b[39m {\n    \u001b[31m\u001b[1m>\u001b[22m\u001b[39m\u001b[90m  8 |\u001b[39m   \u001b[32m'r6'\u001b[39m\u001b[33m:\u001b[39m require(\u001b[32m'../../assets/images/recipes/recipe_r6.png'\u001b[39m)\u001b[33m,\u001b[39m\n     \u001b[90m    |\u001b[39m         \u001b[31m\u001b[1m^\u001b[22m\u001b[39m\n     \u001b[90m  9 |\u001b[39m   \u001b[32m'r51'\u001b[39m\u001b[33m:\u001b[39m require(\u001b[32m'../../assets/images/recipes/recipe_r51.png'\u001b[39m)\u001b[33m,\u001b[39m\n     \u001b[90m 10 |\u001b[39m }\u001b[33m;\u001b[39m\n     \u001b[90m 11 |\u001b[39m\u001b[0m\n\n      at Runtime.createScriptFromCode (node_modules/jest-runtime/build/index.js:1505:14)\n      at Object.require (data/planner/RecipeImages.ts:8:9)\n      at Object.require (data/seed.ts:1:1)\n      at Object.require (data/planner/recipeRegistry.ts:9:1)\n      at Object.require (data/planner/__tests__/recipeRegistry.test.ts:2:1)\n","name":"C:\\Users\\liamf\\.gemini\\antigravity\\operation_sim_craft\\data\\planner\\__tests__\\recipeRegistry.test.ts","startTime":1773242115761,"status":"failed","summary":""},{"assertionResults":[],"coverage":{},"endTime":1773242115761,"message":"  ??? Test suite failed to run\n\n    Jest encountered an unexpected token\n\n    Jest failed to parse a file. This happens e.g. when your code or its dependencies use non-standard JavaScript syntax, or when Jest is not configured to support such syntax.\n\n    Out of the box Jest supports Babel, which will be used to transform your files into valid JS based on your Babel configuration.\n\n    By default \"node_modules\" folder is ignored by transformers.\n\n    Here's what you can do:\n     ??? If you are trying to use ECMAScript Modules, see https://jestjs.io/docs/ecmascript-modules for how to enable it.\n     ??? If you are trying to use TypeScript, see https://jestjs.io/docs/getting-started#using-typescript\n     ??? To have some of your \"node_modules\" files transformed, you can specify a custom \"transformIgnorePatterns\" in your config.\n     ??? If you need a custom transformation specify a \"transform\" option in your config.\n     ??? If you simply want to mock your non-JS modules (e.g. binary assets) you can stub them out with the \"moduleNameMapper\" config option.\n\n    You'll find more details and examples of these config options in the docs:\n    https://jestjs.io/docs/configuration\n    For information about custom transformations, see:\n    https://jestjs.io/docs/code-transformation\n\n    Details:\n\n    C:\\Users\\liamf\\.gemini\\antigravity\\operation_sim_craft\\assets\\images\\recipes\\recipe_r6.png:1\n    ({\"Object.<anonymous>\":function(module,exports,require,__dirname,__filename,jest){???PNG\n                                                                                      \n\n    SyntaxError: Invalid or unexpected token\n\n    \u001b[0m \u001b[90m  6 |\u001b[39m\n     \u001b[90m  7 |\u001b[39m \u001b[36mexport\u001b[39m \u001b[36mconst\u001b[39m \u001b[33mUNIQUE_RECIPE_IMAGES\u001b[39m\u001b[33m:\u001b[39m \u001b[33mRecord\u001b[39m\u001b[33m<\u001b[39m\u001b[33mstring\u001b[39m\u001b[33m,\u001b[39m any\u001b[33m>\u001b[39m \u001b[33m=\u001b[39m {\n    \u001b[31m\u001b[1m>\u001b[22m\u001b[39m\u001b[90m  8 |\u001b[39m   \u001b[32m'r6'\u001b[39m\u001b[33m:\u001b[39m require(\u001b[32m'../../assets/images/recipes/recipe_r6.png'\u001b[39m)\u001b[33m,\u001b[39m\n     \u001b[90m    |\u001b[39m         \u001b[31m\u001b[1m^\u001b[22m\u001b[39m\n     \u001b[90m  9 |\u001b[39m   \u001b[32m'r51'\u001b[39m\u001b[33m:\u001b[39m require(\u001b[32m'../../assets/images/recipes/recipe_r51.png'\u001b[39m)\u001b[33m,\u001b[39m\n     \u001b[90m 10 |\u001b[39m }\u001b[33m;\u001b[39m\n     \u001b[90m 11 |\u001b[39m\u001b[0m\n\n      at Runtime.createScriptFromCode (node_modules/jest-runtime/build/index.js:1505:14)\n      at Object.require (data/planner/RecipeImages.ts:8:9)\n      at Object.require (data/seed.ts:1:1)\n      at Object.require (data/planner/recipeRegistry.ts:9:1)\n      at Object.require (data/planner/buildPlannerInput.ts:17:1)\n      at Object.<anonymous> (data/planner/__tests__/buildPlannerInput.test.ts:4:1)\n","name":"C:\\Users\\liamf\\.gemini\\antigravity\\operation_sim_craft\\data\\planner\\__tests__\\buildPlannerInput.test.ts","startTime":1773242115761,"status":"failed","summary":""}],"wasInterrupted":false}
