{"numFailedTestSuites":1,"numFailedTests":1,"numPassedTestSuites":0,"numPassedTests":6,"numPendingTestSuites":0,"numPendingTests":0,"numRuntimeErrorTestSuites":0,"numTodoTests":0,"numTotalTestSuites":1,"numTotalTests":7,"openHandles":[],"snapshot":{"added":0,"didUpdate":false,"failure":false,"filesAdded":0,"filesRemoved":0,"filesRemovedList":[],"filesUnmatched":0,"filesUpdated":0,"matched":0,"total":0,"unchecked":0,"uncheckedKeysByFile":[],"unmatched":0,"updated":0},"startTime":1773241159564,"success":false,"testResults":[{"assertionResults":[{"ancestorTitles":["Planner Orchestrator"],"duration":4,"failureDetails":[],"failureMessages":[],"fullName":"Planner Orchestrator fills a single slot normally when valid candidates exist","invocations":1,"location":null,"numPassingAsserts":11,"retryReasons":[],"status":"passed","title":"fills a single slot normally when valid candidates exist"},{"ancestorTitles":["Planner Orchestrator"],"duration":22,"failureDetails":[{"matcherResult":{"message":"expect(received).toBeDefined()\n\nReceived: undefined","pass":false}}],"failureMessages":["Error: expect(received).toBeDefined()\n\nReceived: undefined\n    at Object.toBeDefined (C:\\Users\\liamf\\.gemini\\antigravity\\operation_sim_craft\\data\\planner\\__tests__\\orchestrator.test.ts:59:59)\n    at Promise.then.completed (C:\\Users\\liamf\\.gemini\\antigravity\\operation_sim_craft\\node_modules\\jest-circus\\build\\utils.js:298:28)\n    at new Promise (<anonymous>)\n    at callAsyncCircusFn (C:\\Users\\liamf\\.gemini\\antigravity\\operation_sim_craft\\node_modules\\jest-circus\\build\\utils.js:231:10)\n    at _callCircusTest (C:\\Users\\liamf\\.gemini\\antigravity\\operation_sim_craft\\node_modules\\jest-circus\\build\\run.js:316:40)\n    at processTicksAndRejections (node:internal/process/task_queues:103:5)\n    at _runTest (C:\\Users\\liamf\\.gemini\\antigravity\\operation_sim_craft\\node_modules\\jest-circus\\build\\run.js:252:3)\n    at _runTestsForDescribeBlock (C:\\Users\\liamf\\.gemini\\antigravity\\operation_sim_craft\\node_modules\\jest-circus\\build\\run.js:126:9)\n    at _runTestsForDescribeBlock (C:\\Users\\liamf\\.gemini\\antigravity\\operation_sim_craft\\node_modules\\jest-circus\\build\\run.js:121:9)\n    at run (C:\\Users\\liamf\\.gemini\\antigravity\\operation_sim_craft\\node_modules\\jest-circus\\build\\run.js:71:3)\n    at runAndTransformResultsToJestFormat (C:\\Users\\liamf\\.gemini\\antigravity\\operation_sim_craft\\node_modules\\jest-circus\\build\\legacy-code-todo-rewrite\\jestAdapterInit.js:122:21)\n    at jestAdapter (C:\\Users\\liamf\\.gemini\\antigravity\\operation_sim_craft\\node_modules\\jest-circus\\build\\legacy-code-todo-rewrite\\jestAdapter.js:79:19)\n    at runTestInternal (C:\\Users\\liamf\\.gemini\\antigravity\\operation_sim_craft\\node_modules\\jest-runner\\build\\runTest.js:367:16)\n    at runTest (C:\\Users\\liamf\\.gemini\\antigravity\\operation_sim_craft\\node_modules\\jest-runner\\build\\runTest.js:444:34)"],"fullName":"Planner Orchestrator detects pool collapse and triggers a gemini regeneration flow","invocations":1,"location":null,"numPassingAsserts":3,"retryReasons":[],"status":"failed","title":"detects pool collapse and triggers a gemini regeneration flow"},{"ancestorTitles":["Planner Orchestrator"],"duration":0,"failureDetails":[],"failureMessages":[],"fullName":"Planner Orchestrator assigns a rescue recipe normally if it is passed in the pool","invocations":1,"location":null,"numPassingAsserts":4,"retryReasons":[],"status":"passed","title":"assigns a rescue recipe normally if it is passed in the pool"},{"ancestorTitles":["Planner Orchestrator"],"duration":17,"failureDetails":[],"failureMessages":[],"fullName":"Planner Orchestrator simulates a full week generation tracking constraints","invocations":1,"location":null,"numPassingAsserts":4,"retryReasons":[],"status":"passed","title":"simulates a full week generation tracking constraints"},{"ancestorTitles":["Planner Orchestrator"],"duration":1,"failureDetails":[],"failureMessages":[],"fullName":"Planner Orchestrator preserves existing locked assignments and updates counts correctly","invocations":1,"location":null,"numPassingAsserts":4,"retryReasons":[],"status":"passed","title":"preserves existing locked assignments and updates counts correctly"},{"ancestorTitles":["Planner Orchestrator"],"duration":1,"failureDetails":[],"failureMessages":[],"fullName":"Planner Orchestrator blocks same-day duplicates even if global repeatCap is not exhausted","invocations":1,"location":null,"numPassingAsserts":5,"retryReasons":[],"status":"passed","title":"blocks same-day duplicates even if global repeatCap is not exhausted"},{"ancestorTitles":["Planner Orchestrator"],"duration":2,"failureDetails":[],"failureMessages":[],"fullName":"Planner Orchestrator deducts locked meal costs from the global budget dynamically","invocations":1,"location":null,"numPassingAsserts":4,"retryReasons":[],"status":"passed","title":"deducts locked meal costs from the global budget dynamically"}],"endTime":1773241159974,"message":"  ??? Planner Orchestrator ??? detects pool collapse and triggers a gemini regeneration flow\n\n    expect(received).toBeDefined()\n\n    Received: undefined\n\n    \u001b[0m \u001b[90m 57 |\u001b[39m     \n     \u001b[90m 58 |\u001b[39m     \u001b[90m// Metrics should log the history of WHY it failed\u001b[39m\n    \u001b[31m\u001b[1m>\u001b[22m\u001b[39m\u001b[90m 59 |\u001b[39m     expect(assignment\u001b[33m.\u001b[39mmetrics\u001b[33m.\u001b[39mpriorFailedCandidateCounts)\u001b[33m.\u001b[39mtoBeDefined()\u001b[33m;\u001b[39m\n     \u001b[90m    |\u001b[39m                                                           \u001b[31m\u001b[1m^\u001b[22m\u001b[39m\n     \u001b[90m 60 |\u001b[39m     expect(assignment\u001b[33m.\u001b[39mmetrics\u001b[33m.\u001b[39mpriorFailedCandidateCounts\u001b[33m!\u001b[39m[\u001b[32m'budget_delta_exceeded'\u001b[39m])\u001b[33m.\u001b[39mtoBeGreaterThan(\u001b[35m0\u001b[39m)\u001b[33m;\u001b[39m\n     \u001b[90m 61 |\u001b[39m\n     \u001b[90m 62 |\u001b[39m     expect(diagnostic\u001b[33m.\u001b[39mrescueTriggered)\u001b[33m.\u001b[39mtoBe(\u001b[36mtrue\u001b[39m)\u001b[33m;\u001b[39m\u001b[0m\n\n      at Object.toBeDefined (data/planner/__tests__/orchestrator.test.ts:59:59)\n","name":"C:\\Users\\liamf\\.gemini\\antigravity\\operation_sim_craft\\data\\planner\\__tests__\\orchestrator.test.ts","startTime":1773241159620,"status":"failed","summary":""}],"wasInterrupted":false}
